<?xml version="1.0" encoding="UTF-8"?>
<testsuite xmlns:xsi="http://www.w3.org/2001/XMLSchema-instance" xsi:noNamespaceSchemaLocation="https://maven.apache.org/surefire/maven-surefire-plugin/xsd/surefire-test-report-3.0.xsd" version="3.0" name="com.tanmayb.online_nurse_appointment_system.OnlineNurseAppointmentSystemApplicationTests" time="3.177" tests="1" errors="0" skipped="0" failures="0">
  <properties>
[...]
</properties>
  <testcase name="contextLoads" classname="com.tanmayb.online_nurse_appointment_system.OnlineNurseAppointmentSystemApplicationTests" time="0.336">
    <system-out><![CDATA[11:33:12.285 [main] INFO org.springframework.test.context.support.AnnotationConfigContextLoaderUtils -- Could not detect default configuration classes for test class [com.tanmayb.online_nurse_appointment_system.OnlineNurseAppointmentSystemApplicationTests]: OnlineNurseAppointmentSystemApplicationTests does not declare any static, non-private, non-final, nested classes annotated with @Configuration.
11:33:12.329 [main] INFO org.springframework.boot.test.context.SpringBootTestContextBootstrapper -- Found @SpringBootConfiguration com.tanmayb.online_nurse_appointment_system.OnlineNurseAppointmentSystemApplication for test class com.tanmayb.online_nurse_appointment_system.OnlineNurseAppointmentSystemApplicationTests

  .   ____          _            __ _ _
 /\\ / ___'_ __ _ _(_)_ __  __ _ \ \ \ \
( ( )\___ | '_ | '_| | '_ \/ _` | \ \ \ \
 \\/  ___)| |_)| | | | | || (_| |  ) ) ) )
  '  |____| .__|_| |_|_| |_\__, | / / / /
 =========|_|==============|___/=/_/_/_/
 :: Spring Boot ::       (v3.2.0-SNAPSHOT)

2023-08-25T11:33:12.495+05:30  INFO 50866 --- [           main] neNurseAppointmentSystemApplicationTests : Starting OnlineNurseAppointmentSystemApplicationTests using Java 17.0.8 with PID 50866 (started by ayaskang in /Users/ayaskang/Documents/Spring_Boot_Workspace/online_nurse_appointment_system)
2023-08-25T11:33:12.496+05:30  INFO 50866 --- [           main] neNurseAppointmentSystemApplicationTests : No active profile set, falling back to 1 default profile: "default"
2023-08-25T11:33:12.908+05:30  INFO 50866 --- [           main] .s.d.r.c.RepositoryConfigurationDelegate : Bootstrapping Spring Data JPA repositories in DEFAULT mode.
2023-08-25T11:33:12.942+05:30  INFO 50866 --- [           main] .s.d.r.c.RepositoryConfigurationDelegate : Finished Spring Data repository scanning in 31 ms. Found 5 JPA repository interfaces.
2023-08-25T11:33:13.281+05:30  INFO 50866 --- [           main] o.hibernate.jpa.internal.util.LogHelper  : HHH000204: Processing PersistenceUnitInfo [name: default]
2023-08-25T11:33:13.303+05:30  INFO 50866 --- [           main] org.hibernate.Version                    : HHH000412: Hibernate ORM core version 6.2.7.Final
2023-08-25T11:33:13.305+05:30  INFO 50866 --- [           main] org.hibernate.cfg.Environment            : HHH000406: Using bytecode reflection optimizer
2023-08-25T11:33:13.378+05:30  INFO 50866 --- [           main] o.h.b.i.BytecodeProviderInitiator        : HHH000021: Bytecode provider name : bytebuddy
2023-08-25T11:33:13.436+05:30  INFO 50866 --- [           main] o.s.o.j.p.SpringPersistenceUnitInfo      : No LoadTimeWeaver setup: ignoring JPA class transformer
2023-08-25T11:33:13.445+05:30  INFO 50866 --- [           main] com.zaxxer.hikari.HikariDataSource       : HikariPool-1 - Starting...
2023-08-25T11:33:13.649+05:30  INFO 50866 --- [           main] com.zaxxer.hikari.pool.HikariPool        : HikariPool-1 - Added connection com.mysql.cj.jdbc.ConnectionImpl@846b47
2023-08-25T11:33:13.651+05:30  INFO 50866 --- [           main] com.zaxxer.hikari.HikariDataSource       : HikariPool-1 - Start completed.
2023-08-25T11:33:13.767+05:30  INFO 50866 --- [           main] o.h.b.i.BytecodeProviderInitiator        : HHH000021: Bytecode provider name : bytebuddy
2023-08-25T11:33:14.070+05:30  INFO 50866 --- [           main] o.h.e.t.j.p.i.JtaPlatformInitiator       : HHH000490: Using JtaPlatform implementation: [org.hibernate.engine.transaction.jta.platform.internal.NoJtaPlatform]
2023-08-25T11:33:14.129+05:30  INFO 50866 --- [           main] j.LocalContainerEntityManagerFactoryBean : Initialized JPA EntityManagerFactory for persistence unit 'default'
2023-08-25T11:33:14.441+05:30  WARN 50866 --- [           main] JpaBaseConfiguration$JpaWebConfiguration : spring.jpa.open-in-view is enabled by default. Therefore, database queries may be performed during view rendering. Explicitly configure spring.jpa.open-in-view to disable this warning
2023-08-25T11:33:14.746+05:30  INFO 50866 --- [           main] o.s.b.a.e.web.EndpointLinksResolver      : Exposing 1 endpoint(s) beneath base path '/actuator'
2023-08-25T11:33:14.759+05:30  INFO 50866 --- [           main] o.s.s.web.DefaultSecurityFilterChain     : Will secure any request with [org.springframework.security.web.session.DisableEncodeUrlFilter@54626326, org.springframework.security.web.context.request.async.WebAsyncManagerIntegrationFilter@6f4e39b3, org.springframework.security.web.context.SecurityContextHolderFilter@1267adbe, org.springframework.security.web.header.HeaderWriterFilter@4b718c45, org.springframework.web.filter.CorsFilter@7ea91c39, org.springframework.security.web.authentication.logout.LogoutFilter@49314684, org.springframework.security.web.authentication.www.BasicAuthenticationFilter@3509f32d, org.springframework.security.web.savedrequest.RequestCacheAwareFilter@7ceb7a60, org.springframework.security.web.servletapi.SecurityContextHolderAwareRequestFilter@495598c5, org.springframework.security.web.authentication.AnonymousAuthenticationFilter@55d35f7a, org.springframework.security.web.access.ExceptionTranslationFilter@46d83ec4, org.springframework.security.web.access.intercept.AuthorizationFilter@65cb50dc]
2023-08-25T11:33:14.763+05:30  WARN 50866 --- [           main] o.s.s.c.a.web.builders.WebSecurity       : You are asking Spring Security to ignore Ant [pattern='/api/customer/register']. This is not recommended -- please use permitAll via HttpSecurity#authorizeHttpRequests instead.
2023-08-25T11:33:14.763+05:30  INFO 50866 --- [           main] o.s.s.web.DefaultSecurityFilterChain     : Will not secure Ant [pattern='/api/customer/register']
2023-08-25T11:33:14.763+05:30  WARN 50866 --- [           main] o.s.s.c.a.web.builders.WebSecurity       : You are asking Spring Security to ignore Ant [pattern='/api/nurse/register']. This is not recommended -- please use permitAll via HttpSecurity#authorizeHttpRequests instead.
2023-08-25T11:33:14.763+05:30  INFO 50866 --- [           main] o.s.s.web.DefaultSecurityFilterChain     : Will not secure Ant [pattern='/api/nurse/register']
2023-08-25T11:33:14.763+05:30  WARN 50866 --- [           main] o.s.s.c.a.web.builders.WebSecurity       : You are asking Spring Security to ignore Ant [pattern='/error']. This is not recommended -- please use permitAll via HttpSecurity#authorizeHttpRequests instead.
2023-08-25T11:33:14.763+05:30  INFO 50866 --- [           main] o.s.s.web.DefaultSecurityFilterChain     : Will not secure Ant [pattern='/error']
2023-08-25T11:33:15.014+05:30  INFO 50866 --- [           main] neNurseAppointmentSystemApplicationTests : Started OnlineNurseAppointmentSystemApplicationTests in 2.626 seconds (process running for 3.09)
]]></system-out>
  </testcase>
</testsuite>